Determining if the pthread_create exist failed with the following output:
Change Dir: /home/boat-team/catkin_ws/build/CMakeFiles/CMakeTmp

Run Build Command:"/usr/bin/make" "cmTryCompileExec1125732323/fast"
/usr/bin/make -f CMakeFiles/cmTryCompileExec1125732323.dir/build.make CMakeFiles/cmTryCompileExec1125732323.dir/build
make[1]: Entering directory '/home/boat-team/catkin_ws/build/CMakeFiles/CMakeTmp'
/usr/bin/cmake -E cmake_progress_report /home/boat-team/catkin_ws/build/CMakeFiles/CMakeTmp/CMakeFiles 1
Building C object CMakeFiles/cmTryCompileExec1125732323.dir/CheckSymbolExists.c.o
/usr/bin/cc    -o CMakeFiles/cmTryCompileExec1125732323.dir/CheckSymbolExists.c.o   -c /home/boat-team/catkin_ws/build/CMakeFiles/CMakeTmp/CheckSymbolExists.c
Linking C executable cmTryCompileExec1125732323
/usr/bin/cmake -E cmake_link_script CMakeFiles/cmTryCompileExec1125732323.dir/link.txt --verbose=1
/usr/bin/cc       CMakeFiles/cmTryCompileExec1125732323.dir/CheckSymbolExists.c.o  -o cmTryCompileExec1125732323 -rdynamic 
CMakeFiles/cmTryCompileExec1125732323.dir/CheckSymbolExists.c.o: In function `main':
CheckSymbolExists.c:(.text+0x16): undefined reference to `pthread_create'
collect2: error: ld returned 1 exit status
CMakeFiles/cmTryCompileExec1125732323.dir/build.make:88: recipe for target 'cmTryCompileExec1125732323' failed
make[1]: Leaving directory '/home/boat-team/catkin_ws/build/CMakeFiles/CMakeTmp'
make[1]: *** [cmTryCompileExec1125732323] Error 1
Makefile:118: recipe for target 'cmTryCompileExec1125732323/fast' failed
make: *** [cmTryCompileExec1125732323/fast] Error 2

File /home/boat-team/catkin_ws/build/CMakeFiles/CMakeTmp/CheckSymbolExists.c:
/* */
#include <pthread.h>

int main(int argc, char** argv)
{
  (void)argv;
#ifndef pthread_create
  return ((int*)(&pthread_create))[argc];
#else
  (void)argc;
  return 0;
#endif
}

Determining if the function pthread_create exists in the pthreads failed with the following output:
Change Dir: /home/boat-team/catkin_ws/build/CMakeFiles/CMakeTmp

Run Build Command:"/usr/bin/make" "cmTryCompileExec2502608900/fast"
/usr/bin/make -f CMakeFiles/cmTryCompileExec2502608900.dir/build.make CMakeFiles/cmTryCompileExec2502608900.dir/build
make[1]: Entering directory '/home/boat-team/catkin_ws/build/CMakeFiles/CMakeTmp'
/usr/bin/cmake -E cmake_progress_report /home/boat-team/catkin_ws/build/CMakeFiles/CMakeTmp/CMakeFiles 1
Building C object CMakeFiles/cmTryCompileExec2502608900.dir/CheckFunctionExists.c.o
/usr/bin/cc   -DCHECK_FUNCTION_EXISTS=pthread_create   -o CMakeFiles/cmTryCompileExec2502608900.dir/CheckFunctionExists.c.o   -c /usr/share/cmake-3.0/Modules/CheckFunctionExists.c
Linking C executable cmTryCompileExec2502608900
/usr/bin/cmake -E cmake_link_script CMakeFiles/cmTryCompileExec2502608900.dir/link.txt --verbose=1
/usr/bin/cc   -DCHECK_FUNCTION_EXISTS=pthread_create    CMakeFiles/cmTryCompileExec2502608900.dir/CheckFunctionExists.c.o  -o cmTryCompileExec2502608900 -rdynamic -lpthreads 
/usr/bin/ld: cannot find -lpthreads
collect2: error: ld returned 1 exit status
CMakeFiles/cmTryCompileExec2502608900.dir/build.make:88: recipe for target 'cmTryCompileExec2502608900' failed
make[1]: Leaving directory '/home/boat-team/catkin_ws/build/CMakeFiles/CMakeTmp'
make[1]: *** [cmTryCompileExec2502608900] Error 1
Makefile:118: recipe for target 'cmTryCompileExec2502608900/fast' failed
make: *** [cmTryCompileExec2502608900/fast] Error 2


